11:04:16 **** Clean-only build of configuration Debug for project 3-Reverse Sentence Recursive ****
rm -rf main.d main.o "3-Reverse Sentence Recursive.exe" 
rm: cannot remove `3-Reverse Sentence Recursive.exe': Permission denied
11:04:29 **** Rebuild of configuration Debug for project 3-Reverse Sentence Recursive ****
Info: Internal Builder is used for build
gcc -O0 -g3 -Wall -c -fmessage-length=0 -o main.o "..\\main.c" 
gcc -o "3-Reverse Sentence Recursive.exe" main.o 
c:/mingw/bin/../lib/gcc/mingw32/6.3.0/../../../../mingw32/bin/ld.exe: cannot open output file 3-Reverse Sentence Recursive.exe: Permission denied
collect2.exe: error: ld returned 1 exit status
11:04:50 **** Incremental Build of configuration Debug for project 3-Reverse Sentence Recursive ****
Info: Internal Builder is used for build
gcc -O0 -g3 -Wall -c -fmessage-length=0 -o main.o "..\\main.c" 
gcc -o "3-Reverse Sentence Recursive.exe" main.o 
c:/mingw/bin/../lib/gcc/mingw32/6.3.0/../../../../mingw32/bin/ld.exe: cannot open output file 3-Reverse Sentence Recursive.exe: Permission denied
collect2.exe: error: ld returned 1 exit status
11:05:15 **** Incremental Build of configuration Debug for project 3-Reverse Sentence Recursive ****
Info: Internal Builder is used for build
gcc -o "3-Reverse Sentence Recursive.exe" main.o 
c:/mingw/bin/../lib/gcc/mingw32/6.3.0/../../../../mingw32/bin/ld.exe: cannot open output file 3-Reverse Sentence Recursive.exe: Permission denied
collect2.exe: error: ld returned 1 exit status
11:12:39 **** Incremental Build of configuration Debug for project 3-Reverse Sentence Recursive ****
Info: Internal Builder is used for build
gcc -O0 -g3 -Wall -c -fmessage-length=0 -o main.o "..\\main.c" 
gcc -o "3-Reverse Sentence Recursive.exe" main.o 
c:/mingw/bin/../lib/gcc/mingw32/6.3.0/../../../../mingw32/bin/ld.exe: cannot open output file 3-Reverse Sentence Recursive.exe: Permission denied
collect2.exe: error: ld returned 1 exit status
11:12:52 **** Incremental Build of configuration Debug for project 3-Reverse Sentence Recursive ****
Info: Internal Builder is used for build
gcc -O0 -g3 -Wall -c -fmessage-length=0 -o main.o "..\\main.c" 
gcc -o "3-Reverse Sentence Recursive.exe" main.o 
c:/mingw/bin/../lib/gcc/mingw32/6.3.0/../../../../mingw32/bin/ld.exe: cannot open output file 3-Reverse Sentence Recursive.exe: Permission denied
collect2.exe: error: ld returned 1 exit status
Info: Nothing to build for 1-Prime Numbers
Info: Nothing to build for 2-Factorial Recursion
11:12:57 **** Incremental Build of configuration Debug for project 3-Reverse Sentence Recursive ****
Info: Internal Builder is used for build
gcc -o "3-Reverse Sentence Recursive.exe" main.o 
c:/mingw/bin/../lib/gcc/mingw32/6.3.0/../../../../mingw32/bin/ld.exe: cannot open output file 3-Reverse Sentence Recursive.exe: Permission denied
collect2.exe: error: ld returned 1 exit status
Info: Nothing to build for 4-Power Calculation Recursive
11:13:01 **** Incremental Build of configuration Debug for project 3-Reverse Sentence Recursive ****
Info: Internal Builder is used for build
gcc -o "3-Reverse Sentence Recursive.exe" main.o 
c:/mingw/bin/../lib/gcc/mingw32/6.3.0/../../../../mingw32/bin/ld.exe: cannot open output file 3-Reverse Sentence Recursive.exe: Permission denied
collect2.exe: error: ld returned 1 exit status
Info: Nothing to build for 1-Prime Numbers
Info: Nothing to build for 2-Factorial Recursion
11:13:24 **** Incremental Build of configuration Debug for project 3-Reverse Sentence Recursive ****
Info: Internal Builder is used for build
gcc -o "3-Reverse Sentence Recursive.exe" main.o 
c:/mingw/bin/../lib/gcc/mingw32/6.3.0/../../../../mingw32/bin/ld.exe: cannot open output file 3-Reverse Sentence Recursive.exe: Permission denied
collect2.exe: error: ld returned 1 exit status
Info: Nothing to build for 4-Power Calculation Recursive
11:13:28 **** Incremental Build of configuration Debug for project 3-Reverse Sentence Recursive ****
Info: Internal Builder is used for build
gcc -O0 -g3 -Wall -c -fmessage-length=0 -o main.o "..\\main.c" 
gcc -o "3-Reverse Sentence Recursive.exe" main.o 
c:/mingw/bin/../lib/gcc/mingw32/6.3.0/../../../../mingw32/bin/ld.exe: cannot open output file 3-Reverse Sentence Recursive.exe: Permission denied
collect2.exe: error: ld returned 1 exit status
Info: Nothing to build for 1-Prime Numbers
Info: Nothing to build for 2-Factorial Recursion
11:17:31 **** Rebuild of configuration Debug for project 3-Reverse Sentence Recursive ****
Info: Internal Builder is used for build
gcc -ansi -std=c89 -O0 -g3 -Wall -c -fmessage-length=0 -o main.o "..\\main.c" 
gcc -ansi -std=c89 -o "3-Reverse Sentence Recursive.exe" main.o 
Info: Nothing to build for 4-Power Calculation Recursive
Info: Nothing to build for 3-Reverse Sentence Recursive
11:17:57 **** Incremental Build of configuration Debug for project 3-Reverse Sentence Recursive ****
Info: Internal Builder is used for build
gcc -ansi -std=c89 -O0 -g3 -Wall -c -fmessage-length=0 -o main.o "..\\main.c" 
gcc -ansi -std=c89 -o "3-Reverse Sentence Recursive.exe" main.o 
Info: Nothing to build for 1-Prime Numbers
Info: Nothing to build for 2-Factorial Recursion
11:25:07 **** Incremental Build of configuration Debug for project 3-Reverse Sentence Recursive ****
Info: Internal Builder is used for build
gcc -ansi -std=c89 -O0 -g3 -Wall -c -fmessage-length=0 -o main.o "..\\main.c" 
gcc -ansi -std=c89 -o "3-Reverse Sentence Recursive.exe" main.o 
Info: Nothing to build for 4-Power Calculation Recursive
11:25:14 **** Incremental Build of configuration Debug for project 3-Reverse Sentence Recursive ****
Info: Internal Builder is used for build
gcc -ansi -std=c89 -O0 -g3 -Wall -c -fmessage-length=0 -o main.o "..\\main.c" 
gcc -ansi -std=c89 -o "3-Reverse Sentence Recursive.exe" main.o 
Info: Nothing to build for 1-Prime Numbers
Info: Nothing to build for 2-Factorial Recursion
11:31:57 **** Incremental Build of configuration Debug for project 4-Power Calculation Recursive ****
Info: Internal Builder is used for build
gcc -O0 -g3 -Wall -c -fmessage-length=0 -o main.o "..\\main.c" 
gcc -o "4-Power Calculation Recursive.exe" main.o 
11:32:39 **** Incremental Build of configuration Debug for project 4-Power Calculation Recursive ****
Info: Internal Builder is used for build
gcc -O0 -g3 -Wall -c -fmessage-length=0 -o main.o "..\\main.c" 
gcc -o "4-Power Calculation Recursive.exe" main.o 
