21:06:11 **** Rebuild of configuration Debug for project Student Informatin ****
Info: Internal Builder is used for build
gcc -ansi -std=c89 -O0 -g3 -Wall -c -fmessage-length=0 -o main.o "..\\main.c" 
gcc -ansi -std=c89 -o "Student Informatin.exe" main.o 
Info: Nothing to build for Student Informatin
21:07:24 **** Incremental Build of configuration Debug for project Student Informatin ****
Info: Internal Builder is used for build
gcc -ansi -std=c89 -O0 -g3 -Wall -c -fmessage-length=0 -o main.o "..\\main.c" 
gcc -ansi -std=c89 -o "Student Informatin.exe" main.o 
21:29:15 **** Rebuild of configuration Debug for project 1-Student Informatin ****
Info: Internal Builder is used for build
gcc -ansi -std=c89 -O0 -g3 -Wall -c -fmessage-length=0 -o main.o "..\\main.c" 
gcc -ansi -std=c89 -o "1-Student Informatin.exe" main.o 
Info: Nothing to build for 1-Student Informatin
21:51:56 **** Rebuild of configuration Debug for project 3-Add complex numbers ****
Info: Internal Builder is used for build
gcc -ansi -std=c89 -O0 -g3 -Wall -c -fmessage-length=0 -o main.o "..\\main.c" 
..\main.c: In function 'main':
..\main.c:28:11: warning: format '%f' expects argument of type 'float *', but argument 2 has type 'double' [-Wformat=]
   scanf("%f%f",numbers[i].m_realNum,numbers[i].m_imaNum);
           ^
..\main.c:28:13: warning: format '%f' expects argument of type 'float *', but argument 3 has type 'double' [-Wformat=]
   scanf("%f%f",numbers[i].m_realNum,numbers[i].m_imaNum);
             ^
gcc -ansi -std=c89 -o "3-Add complex numbers.exe" main.o 
Info: Nothing to build for 1-Student Informatin
21:52:38 **** Incremental Build of configuration Debug for project 3-Add complex numbers ****
Info: Internal Builder is used for build
gcc -ansi -std=c89 -O0 -g3 -Wall -c -fmessage-length=0 -o main.o "..\\main.c" 
gcc -ansi -std=c89 -o "3-Add complex numbers.exe" main.o 
Info: Nothing to build for 3-Add complex numbers
21:53:34 **** Incremental Build of configuration Debug for project 3-Add complex numbers ****
Info: Internal Builder is used for build
gcc -ansi -std=c89 -O0 -g3 -Wall -c -fmessage-length=0 -o main.o "..\\main.c" 
gcc -ansi -std=c89 -o "3-Add complex numbers.exe" main.o 
21:54:11 **** Incremental Build of configuration Debug for project 3-Add complex numbers ****
Info: Internal Builder is used for build
gcc -ansi -std=c89 -O0 -g3 -Wall -c -fmessage-length=0 -o main.o "..\\main.c" 
gcc -ansi -std=c89 -o "3-Add complex numbers.exe" main.o 
Info: Nothing to build for 3-Add complex numbers
Info: Nothing to build for 3-Add complex numbers
21:55:48 **** Incremental Build of configuration Debug for project 3-Add complex numbers ****
Info: Internal Builder is used for build
gcc -ansi -std=c89 -O0 -g3 -Wall -c -fmessage-length=0 -o main.o "..\\main.c" 
gcc -ansi -std=c89 -o "3-Add complex numbers.exe" main.o 
Info: Nothing to build for 1-Student Informatin
14:59:02 **** Incremental Build of configuration Debug for project 3-Add complex numbers ****
Info: Internal Builder is used for build
gcc -ansi -std=c89 -O0 -g3 -Wall -c -fmessage-length=0 -o main.o "..\\main.c" 
gcc -ansi -std=c89 -o "3-Add complex numbers.exe" main.o 
14:59:04 **** Rebuild of configuration Debug for project 4-Student Information2 ****
Info: Internal Builder is used for build
gcc -ansi -std=c89 -O0 -g3 -Wall -c -fmessage-length=0 -o main.o "..\\main.c" 
gcc -ansi -std=c89 -o "4-Student Information2.exe" main.o 
Info: Nothing to build for 4-Student Information2
14:59:28 **** Incremental Build of configuration Debug for project 4-Student Information2 ****
Info: Internal Builder is used for build
gcc -ansi -std=c89 -O0 -g3 -Wall -c -fmessage-length=0 -o main.o "..\\main.c" 
gcc -ansi -std=c89 -o "4-Student Information2.exe" main.o 
14:59:44 **** Incremental Build of configuration Debug for project 4-Student Information2 ****
Info: Internal Builder is used for build
gcc -ansi -std=c89 -O0 -g3 -Wall -c -fmessage-length=0 -o main.o "..\\main.c" 
gcc -ansi -std=c89 -o "4-Student Information2.exe" main.o 
15:01:36 **** Incremental Build of configuration Debug for project 4-Student Information2 ****
Info: Internal Builder is used for build
gcc -ansi -std=c89 -O0 -g3 -Wall -c -fmessage-length=0 -o main.o "..\\main.c" 
gcc -ansi -std=c89 -o "4-Student Information2.exe" main.o 
Info: Nothing to build for 1-Student Informatin
Info: Nothing to build for 2-Add Distances (inch - feet)
Info: Nothing to build for 3-Add complex numbers
15:19:30 **** Incremental Build of configuration Debug for project 4-Student Information2 ****
Info: Internal Builder is used for build
gcc -ansi -std=c89 -O0 -g3 -Wall -c -fmessage-length=0 -o main.o "..\\main.c" 
gcc -ansi -std=c89 -o "4-Student Information2.exe" main.o 
Info: Nothing to build for 1-Student Informatin
Info: Nothing to build for 1-Student Informatin
15:36:51 **** Incremental Build of configuration Debug for project 2-Add Distances (inch - feet) ****
Info: Internal Builder is used for build
gcc -ansi -std=c89 -O0 -g3 -Wall -c -fmessage-length=0 -o main.o "..\\main.c" 
..\main.c: In function 'main':
..\main.c:28:11: warning: format '%f' expects argument of type 'float *', but argument 2 has type 'int *' [-Wformat=]
   scanf("%f%f",&numbers[i].m_feet,&numbers[i].m_inches);
           ^
gcc -ansi -std=c89 -o "2-Add Distances (inch - feet).exe" main.o 
15:36:52 **** Incremental Build of configuration Debug for project 3-Add complex numbers ****
Info: Internal Builder is used for build
gcc -ansi -std=c89 -O0 -g3 -Wall -c -fmessage-length=0 -o main.o "..\\main.c" 
gcc -ansi -std=c89 -o "3-Add complex numbers.exe" main.o 
Info: Nothing to build for 4-Student Information2
Info: Nothing to build for 1-Student Informatin
15:37:14 **** Incremental Build of configuration Debug for project 2-Add Distances (inch - feet) ****
Info: Internal Builder is used for build
gcc -ansi -std=c89 -O0 -g3 -Wall -c -fmessage-length=0 -o main.o "..\\main.c" 
gcc -ansi -std=c89 -o "2-Add Distances (inch - feet).exe" main.o 
Info: Nothing to build for 3-Add complex numbers
Info: Nothing to build for 4-Student Information2
15:38:30 **** Incremental Build of configuration Debug for project 2-Add Distances (inch - feet) ****
Info: Internal Builder is used for build
gcc -ansi -std=c89 -O0 -g3 -Wall -c -fmessage-length=0 -o main.o "..\\main.c" 
gcc -ansi -std=c89 -o "2-Add Distances (inch - feet).exe" main.o 
15:42:18 **** Incremental Build of configuration Debug for project 2-Add Distances (inch - feet) ****
Info: Internal Builder is used for build
gcc -ansi -std=c89 -O0 -g3 -Wall -c -fmessage-length=0 -o main.o "..\\main.c" 
gcc -ansi -std=c89 -o "2-Add Distances (inch - feet).exe" main.o 
15:43:38 **** Incremental Build of configuration Debug for project 2-Add Distances (inch - feet) ****
Info: Internal Builder is used for build
gcc -ansi -std=c89 -O0 -g3 -Wall -c -fmessage-length=0 -o main.o "..\\main.c" 
gcc -ansi -std=c89 -o "2-Add Distances (inch - feet).exe" main.o 
Info: Nothing to build for 1-Student Informatin
Info: Nothing to build for 2-Add Distances (inch - feet)
Info: Nothing to build for 3-Add complex numbers
Info: Nothing to build for 4-Student Information2
16:11:49 **** Rebuild of configuration Debug for project 5-Area of circle (macros) ****
Info: Internal Builder is used for build
gcc -ansi -std=c89 -O0 -g3 -Wall -c -fmessage-length=0 -o main.o "..\\main.c" 
gcc -ansi -std=c89 -o "5-Area of circle (macros).exe" main.o 
Info: Nothing to build for 5-Area of circle (macros)
